<?xml version="1.0" encoding="UTF-8"?>
<!-- Generated by org.testng.reporters.JUnitReportReporter -->
<testsuite skipped="0" hostname="ralson.local" name="cucumberOptions.TestRunner" tests="1" failures="0" timestamp="06 Feb 2019 08:49:12 GMT" time="12.735" errors="0">
  <testcase name="feature" time="12.735" classname="cucumberOptions.TestRunner"/>
</testsuite> <!-- cucumberOptions.TestRunner -->
