<?xml version="1.0" encoding="UTF-8"?>
<!-- Generated by org.testng.reporters.JUnitReportReporter -->
<testsuite skipped="0" hostname="ralson.local" name="cucumberOptions.TestRunner" tests="1" failures="0" timestamp="06 Feb 2019 11:59:49 GMT" time="27.071" errors="0">
  <testcase name="feature" time="27.071" classname="cucumberOptions.TestRunner"/>
</testsuite> <!-- cucumberOptions.TestRunner -->
