<?xml version="1.0" encoding="UTF-8"?>
<!-- Generated by org.testng.reporters.JUnitReportReporter -->
<testsuite hostname="ralson.local" name="cucumberOptions.TestRunner" tests="1" failures="0" timestamp="6 Feb 2019 13:52:24 GMT" time="35.584" errors="0">
  <testcase name="feature" time="35.584" classname="cucumberOptions.TestRunner"/>
</testsuite> <!-- cucumberOptions.TestRunner -->
